<?xml version="1.0" encoding="UTF-8"?>
<!-- Generated by org.testng.reporters.JUnitReportReporter -->
<testsuite skipped="0" hostname="EE1313004" name="Arman.Bangalore.AppTest" tests="1" failures="0" timestamp="2020-09-28T12:11:31 IST" time="0.003" errors="0">
  <testcase name="testApp" time="0.003" classname="Arman.Bangalore.AppTest"/>
  <system-out/>
</testsuite> <!-- Arman.Bangalore.AppTest -->
