<?xml version="1.0" encoding="UTF-8"?>
<!-- Generated by org.testng.reporters.JUnitReportReporter -->
<testsuite skipped="0" hostname="EE1313004" name="Arman.Bangalore.heelTest" tests="1" failures="0" timestamp="2020-09-28T12:53:08 IST" time="0.004" errors="0">
  <testcase name="shoe" time="0.004" classname="Arman.Bangalore.heelTest"/>
  <system-out/>
</testsuite> <!-- Arman.Bangalore.heelTest -->
