<?xml version="1.0" encoding="UTF-8"?>
<!-- Generated by org.testng.reporters.JUnitReportReporter -->
<testsuite skipped="0" hostname="EE1313004" name="Arman.Bangalore.ClothesTest" tests="1" failures="0" timestamp="2020-09-28T12:29:22 IST" time="0.016" errors="0">
  <testcase name="shirt" time="0.016" classname="Arman.Bangalore.ClothesTest"/>
  <system-out/>
</testsuite> <!-- Arman.Bangalore.ClothesTest -->
