<?xml version="1.0" encoding="UTF-8"?>
<!-- Generated by org.testng.reporters.JUnitReportReporter -->
<testsuite skipped="0" hostname="EE1313004" name="Arman.Bangalore.mangoTest" tests="2" failures="0" timestamp="2020-09-28T13:16:20 IST" time="0.016" errors="0">
  <testcase name="fruit" time="0.002" classname="Arman.Bangalore.mangoTest"/>
  <system-out/>
  <testcase name="banana" time="0.014" classname="Arman.Bangalore.mangoTest"/>
  <system-out/>
</testsuite> <!-- Arman.Bangalore.mangoTest -->
